#
# A fatal error has been detected by the Java Runtime Environment:
#
#  EXCEPTION_ACCESS_VIOLATION (0xc0000005) at pc=0x0000000000000000, pid=11972, tid=9652
#
# JRE version: 7.0_11-b21
# Java VM: Java HotSpot(TM) 64-Bit Server VM (23.6-b04 mixed mode windows-amd64 compressed oops)
# Problematic frame:
# C  0x0000000000000000
#
# Failed to write core dump. Minidumps are not enabled by default on client versions of Windows
#
# If you would like to submit a bug report, please visit:
#   http://bugreport.sun.com/bugreport/crash.jsp
#

---------------  T H R E A D  ---------------

Current thread (0x000000006187a800):  JavaThread "AWT-EventQueue-0" [_thread_in_Java, id=9652, stack(0x000000008fff0000,0x0000000093ff0000)]

siginfo: ExceptionCode=0xc0000005, ExceptionInformation=0x0000000000000008 0x0000000000000000

Registers:
RAX=0x00000000e0000270, RBX=0x00000000e0097dc8, RCX=0x00000000e1baa6c0, RDX=0x00000000e1baa6c0
RSP=0x0000000093feb8b8, RBP=0x00000000e8078fc8, RSI=0x0000000000000190, RDI=0x000000000000018a
R8 =0x0000000000000000, R9 =0x00000000e00023e8, R10=0x00000000e0000270, R11=0x00000000e0097dc8
R12=0x0000000000000000, R13=0x0000000093feb9a8, R14=0x0000000093feba00, R15=0x000000006187a800
RIP=0x0000000000000000, EFLAGS=0x0000000000010202

Top of Stack: (sp=0x0000000093feb8b8)
0x0000000093feb8b8:   0000000023c0d9f8 00000000e8078fc8
0x0000000093feb8c8:   0000000023be1aac 00000000e1baa6c0
0x0000000093feb8d8:   0000000023803eac 00000000237f5510
0x0000000093feb8e8:   0000000000000000 00000000e8078fa8
0x0000000093feb8f8:   0000000023ade308 0000000000000000
0x0000000093feb908:   000000005df49e45 0000000093feb978
0x0000000093feb918:   00000000237f63d3 00000000e1baa6c0
0x0000000093feb928:   00000000e8078fa8 00000000e801a4b0
0x0000000093feb938:   00000000e8078fa8 00000000e0585959
0x0000000093feb948:   0000000093feb988 0000000000000009
0x0000000093feb958:   00000000e3be2518 0000000000000000
0x0000000093feb968:   0000000023d9f898 0000000093feb988
0x0000000093feb978:   0000000093feb9e0 00000000e8002178
0x0000000093feb988:   00000000eb348c18 0000000093feb9f0
0x0000000093feb998:   00000000237f63d3 00000000237f63d3
0x0000000093feb9a8:   00000000e1baa6c0 0000000093feb9b0 

Instructions: (pc=0x0000000000000000)
0xffffffffffffffe0:   


Register to memory mapping:

RAX=0x00000000e0000270 is an oop
{other class} 
 - klass: {other class}
RBX=0x00000000e0097dc8 is an oop
{instance class} 
 - klass: {other class}
RCX=0x00000000e1baa6c0 is an oop
{instance class} 
 - klass: {other class}
RDX=0x00000000e1baa6c0 is an oop
{instance class} 
 - klass: {other class}
RSP=0x0000000093feb8b8 is pointing into the stack for thread: 0x000000006187a800
RBP=0x00000000e8078fc8 is an oop
java.util.WeakHashMap 
 - klass: 'java/util/WeakHashMap'
RSI=0x0000000000000190 is an unknown value
RDI=0x000000000000018a is an unknown value
R8 =0x0000000000000000 is an unknown value
R9 =0x00000000e00023e8 is an oop
{method} 
 - klass: {other class}
R10=0x00000000e0000270 is an oop
{other class} 
 - klass: {other class}
R11=0x00000000e0097dc8 is an oop
{instance class} 
 - klass: {other class}
R12=0x0000000000000000 is an unknown value
R13=0x0000000093feb9a8 is pointing into the stack for thread: 0x000000006187a800
R14=0x0000000093feba00 is pointing into the stack for thread: 0x000000006187a800
R15=0x000000006187a800 is a thread


Stack: [0x000000008fff0000,0x0000000093ff0000],  sp=0x0000000093feb8b8,  free space=65518k

---------------  P R O C E S S  ---------------

Java Threads: ( => current thread )
  0x0000000023766800 JavaThread "FileDecorationCache request queue" daemon [_thread_blocked, id=8108, stack(0x000000019db70000,0x00000001a1b70000)]
  0x000000006238c800 JavaThread "pool-7-thread-1" [_thread_blocked, id=13204, stack(0x0000000118000000,0x000000011c000000)]
  0x0000000062391000 JavaThread "Code Analyzer updating thread" [_thread_blocked, id=11868, stack(0x000000014c030000,0x0000000150030000)]
  0x0000000062390800 JavaThread "Prefs Updater" daemon [_thread_blocked, id=4772, stack(0x0000000110000000,0x0000000114000000)]
  0x0000000062389000 JavaThread "Foxtrot Single Worker Thread #1" daemon [_thread_blocked, id=7092, stack(0x0000000087ff0000,0x000000008bff0000)]
  0x000000006238f800 JavaThread "Swing-Shell" daemon [_thread_blocked, id=13172, stack(0x000000010c000000,0x0000000110000000)]
  0x00000000631d4000 JavaThread "Code Analyzer updating thread" [_thread_blocked, id=12832, stack(0x00000000daf60000,0x00000000def60000)]
  0x00000000631d7000 JavaThread "Code Analyzer updating thread" [_thread_blocked, id=12780, stack(0x00000000d6f60000,0x00000000daf60000)]
  0x00000000631d3800 JavaThread "Code Analyzer updating thread" [_thread_blocked, id=9740, stack(0x00000000d2f60000,0x00000000d6f60000)]
  0x00000000631d5800 JavaThread "Code Analyzer updating thread" [_thread_blocked, id=9148, stack(0x00000000cef60000,0x00000000d2f60000)]
  0x00000000631d5000 JavaThread "Active Reference Queue Daemon" daemon [_thread_blocked, id=1712, stack(0x00000000caf60000,0x00000000cef60000)]
  0x00000000631d6800 JavaThread "Timer-1" daemon [_thread_blocked, id=11500, stack(0x00000000c6f60000,0x00000000caf60000)]
  0x00000000631cf800 JavaThread "ClipboardMonitor Timer" daemon [_thread_blocked, id=1284, stack(0x00000000c2f60000,0x00000000c6f60000)]
  0x00000000631d1000 JavaThread "Explorer NavigationContext request queue" daemon [_thread_blocked, id=7404, stack(0x00000000bef60000,0x00000000c2f60000)]
  0x00000000631ce000 JavaThread "AddressBar directory emptiness poller" daemon [_thread_blocked, id=7232, stack(0x00000000b5f90000,0x00000000b9f90000)]
  0x00000000631cf000 JavaThread "Explorer Refresh Service 841861715" daemon [_thread_blocked, id=10972, stack(0x00000000b1f90000,0x00000000b5f90000)]
  0x00000000631cd800 JavaThread "Thread-4" daemon [_thread_blocked, id=12572, stack(0x00000000adf90000,0x00000000b1f90000)]
  0x00000000631d0800 JavaThread "TimerQueue" daemon [_thread_blocked, id=11284, stack(0x00000000a7ff0000,0x00000000abff0000)]
  0x0000000062386800 JavaThread "Thread-3" daemon [_thread_blocked, id=7872, stack(0x0000000093ff0000,0x0000000097ff0000)]
  0x0000000062386000 JavaThread "FelixPackageAdmin" daemon [_thread_blocked, id=2588, stack(0x000000009fff0000,0x00000000a3ff0000)]
  0x0000000062385000 JavaThread "FelixStartLevel" daemon [_thread_blocked, id=12716, stack(0x000000009bff0000,0x000000009fff0000)]
  0x000000006187e800 JavaThread "FelixDispatchQueue" daemon [_thread_blocked, id=11160, stack(0x0000000097ff0000,0x000000009bff0000)]
=>0x000000006187a800 JavaThread "AWT-EventQueue-0" [_thread_in_Java, id=9652, stack(0x000000008fff0000,0x0000000093ff0000)]
  0x000000006187d000 JavaThread "com.google.common.base.internal.Finalizer" daemon [_thread_blocked, id=12688, stack(0x000000008bff0000,0x000000008fff0000)]
  0x0000000061879000 JavaThread "AWT-Windows" daemon [_thread_in_native, id=12596, stack(0x0000000083ff0000,0x0000000087ff0000)]
  0x000000006187c000 JavaThread "AWT-Shutdown" [_thread_blocked, id=7412, stack(0x000000007fff0000,0x0000000083ff0000)]
  0x0000000061878800 JavaThread "Java2D Disposer" daemon [_thread_blocked, id=7728, stack(0x0000000077f60000,0x000000007bf60000)]
  0x000000006187a000 JavaThread "Timer-0" [_thread_blocked, id=12404, stack(0x0000000073f60000,0x0000000077f60000)]
  0x000000006187b800 JavaThread "EventMgr Dispatcher" daemon [_thread_in_native, id=8464, stack(0x000000006ff60000,0x0000000073f60000)]
  0x000000002327f800 JavaThread "Service Thread" daemon [_thread_blocked, id=3612, stack(0x0000000059510000,0x000000005d510000)]
  0x0000000023279800 JavaThread "C2 CompilerThread1" daemon [_thread_blocked, id=7984, stack(0x0000000055510000,0x0000000059510000)]
  0x0000000023278000 JavaThread "C2 CompilerThread0" daemon [_thread_blocked, id=9376, stack(0x0000000051510000,0x0000000055510000)]
  0x0000000023273000 JavaThread "Attach Listener" daemon [_thread_blocked, id=8480, stack(0x000000004d510000,0x0000000051510000)]
  0x0000000023230800 JavaThread "Finalizer" daemon [_thread_blocked, id=11128, stack(0x0000000049510000,0x000000004d510000)]
  0x0000000023228800 JavaThread "Reference Handler" daemon [_thread_blocked, id=7924, stack(0x0000000045510000,0x0000000049510000)]
  0x0000000023073000 JavaThread "main" [_thread_in_native, id=11184, stack(0x0000000000040000,0x0000000004040000)]

Other Threads:
  0x0000000023223800 VMThread [stack: 0x0000000041510000,0x0000000045510000] [id=7964]
  0x00000000232b1000 WatcherThread [stack: 0x0000000063c90000,0x0000000067c90000] [id=11420]

VM state:not at safepoint (normal execution)

VM Mutex/Monitor currently owned by a thread: None

Heap
 PSYoungGen      total 48320K, used 46549K [0x00000000fa000000, 0x00000000fd1e0000, 0x0000000100000000)
  eden space 46976K, 97% used [0x00000000fa000000,0x00000000fccd8bb8,0x00000000fcde0000)
  from space 1344K, 46% used [0x00000000fd090000,0x00000000fd12cba0,0x00000000fd1e0000)
  to   space 2048K, 0% used [0x00000000fcde0000,0x00000000fcde0000,0x00000000fcfe0000)
 ParOldGen       total 95424K, used 54252K [0x00000000e8000000, 0x00000000edd30000, 0x00000000fa000000)
  object space 95424K, 56% used [0x00000000e8000000,0x00000000eb4fb2f0,0x00000000edd30000)
 PSPermGen       total 117696K, used 63011K [0x00000000e0000000, 0x00000000e72f0000, 0x00000000e8000000)
  object space 117696K, 53% used [0x00000000e0000000,0x00000000e3d88ff8,0x00000000e72f0000)

Card table byte_map: [0x00000000268b0000,0x00000000269c0000] byte_map_base: 0x00000000261b0000

Polling page: 0x0000000008cf0000

Code Cache  [0x00000000237f0000, 0x0000000023fc0000, 0x00000000267f0000)
 total_blobs=3180 nmethods=2501 adapters=627 free_code_cache=41442Kb largest_free_block=42177024

Compilation events (10 events):
Event: 3707.816 Thread 0x0000000023278000 2732             java.awt.Graphics::create (33 bytes)
Event: 3707.824 Thread 0x0000000023278000 nmethod 2732 0x0000000023e866d0 code [0x0000000023e868c0, 0x0000000023e873c0]
Event: 3708.125 Thread 0x0000000023279800 2733             com.mathworks.toolbox.distcomp.ui.desk.ParallelStatusIndicator$ParallelStatusIndicatorUI::access$500 (5 bytes)
Event: 3708.125 Thread 0x0000000023279800 nmethod 2733 0x0000000023c7aa10 code [0x0000000023c7ab40, 0x0000000023c7ab98]
Event: 3708.700 Thread 0x0000000023278000 2734   !         sun.awt.PostEventQueue::postEvent (81 bytes)
Event: 3708.709 Thread 0x0000000023278000 nmethod 2734 0x0000000023f3dcd0 code [0x0000000023f3dec0, 0x0000000023f3e870]
Event: 3711.408 Thread 0x0000000023279800 2735             javax.swing.DefaultListSelectionModel::contains (16 bytes)
Event: 3711.408 Thread 0x0000000023279800 nmethod 2735 0x0000000023efa550 code [0x0000000023efa680, 0x0000000023efa6d8]
Event: 3711.409 Thread 0x0000000023278000   53 %           javax.swing.DefaultListSelectionModel::changeSelection @ 7 (96 bytes)
Event: 3711.410 Thread 0x0000000023278000 nmethod 53% 0x0000000023d71450 code [0x0000000023d715c0, 0x0000000023d718a8]

GC Heap History (10 events):
Event: 3671.943 GC heap before
{Heap before GC invocations=142 (full 2):
 PSYoungGen      total 35904K, used 34479K [0x00000000fa000000, 0x00000000fca00000, 0x0000000100000000)
  eden space 33536K, 100% used [0x00000000fa000000,0x00000000fc0c0000,0x00000000fc0c0000)
  from space 2368K, 39% used [0x00000000fc0c0000,0x00000000fc1abe20,0x00000000fc310000)
  to   space 2304K, 0% used [0x00000000fc7c0000,0x00000000fc7c0000,0x00000000fca00000)
 ParOldGen       total 95424K, used 52490K [0x00000000e8000000, 0x00000000edd30000, 0x00000000fa000000)
  object space 95424K, 55% used [0x00000000e8000000,0x00000000eb342948,0x00000000edd30000)
 PSPermGen       total 117696K, used 62889K [0x00000000e0000000, 0x00000000e72f0000, 0x00000000e8000000)
  object space 117696K, 53% used [0x00000000e0000000,0x00000000e3d6a7f8,0x00000000e72f0000)
Event: 3671.945 GC heap after
Heap after GC invocations=142 (full 2):
 PSYoungGen      total 40064K, used 452K [0x00000000fa000000, 0x00000000fc9a0000, 0x0000000100000000)
  eden space 38144K, 0% used [0x00000000fa000000,0x00000000fa000000,0x00000000fc540000)
  from space 1920K, 23% used [0x00000000fc7c0000,0x00000000fc831260,0x00000000fc9a0000)
  to   space 2240K, 0% used [0x00000000fc540000,0x00000000fc540000,0x00000000fc770000)
 ParOldGen       total 95424K, used 53045K [0x00000000e8000000, 0x00000000edd30000, 0x00000000fa000000)
  object space 95424K, 55% used [0x00000000e8000000,0x00000000eb3cd508,0x00000000edd30000)
 PSPermGen       total 117696K, used 62889K [0x00000000e0000000, 0x00000000e72f0000, 0x00000000e8000000)
  object space 117696K, 53% used [0x00000000e0000000,0x00000000e3d6a7f8,0x00000000e72f0000)
}
Event: 3672.122 GC heap before
{Heap before GC invocations=143 (full 2):
 PSYoungGen      total 40064K, used 38596K [0x00000000fa000000, 0x00000000fc9a0000, 0x0000000100000000)
  eden space 38144K, 100% used [0x00000000fa000000,0x00000000fc540000,0x00000000fc540000)
  from space 1920K, 23% used [0x00000000fc7c0000,0x00000000fc831260,0x00000000fc9a0000)
  to   space 2240K, 0% used [0x00000000fc540000,0x00000000fc540000,0x00000000fc770000)
 ParOldGen       total 95424K, used 53045K [0x00000000e8000000, 0x00000000edd30000, 0x00000000fa000000)
  object space 95424K, 55% used [0x00000000e8000000,0x00000000eb3cd508,0x00000000edd30000)
 PSPermGen       total 117696K, used 62898K [0x00000000e0000000, 0x00000000e72f0000, 0x00000000e8000000)
  object space 117696K, 53% used [0x00000000e0000000,0x00000000e3d6c950,0x00000000e72f0000)
Event: 3672.124 GC heap after
Heap after GC invocations=143 (full 2):
 PSYoungGen      total 40384K, used 256K [0x00000000fa000000, 0x00000000fce80000, 0x0000000100000000)
  eden space 38144K, 0% used [0x00000000fa000000,0x00000000fa000000,0x00000000fc540000)
  from space 2240K, 11% used [0x00000000fc540000,0x00000000fc580000,0x00000000fc770000)
  to   space 2240K, 0% used [0x00000000fcc50000,0x00000000fcc50000,0x00000000fce80000)
 ParOldGen       total 95424K, used 53353K [0x00000000e8000000, 0x00000000edd30000, 0x00000000fa000000)
  object space 95424K, 55% used [0x00000000e8000000,0x00000000eb41a778,0x00000000edd30000)
 PSPermGen       total 117696K, used 62898K [0x00000000e0000000, 0x00000000e72f0000, 0x00000000e8000000)
  object space 117696K, 53% used [0x00000000e0000000,0x00000000e3d6c950,0x00000000e72f0000)
}
Event: 3672.339 GC heap before
{Heap before GC invocations=144 (full 2):
 PSYoungGen      total 40384K, used 38400K [0x00000000fa000000, 0x00000000fce80000, 0x0000000100000000)
  eden space 38144K, 100% used [0x00000000fa000000,0x00000000fc540000,0x00000000fc540000)
  from space 2240K, 11% used [0x00000000fc540000,0x00000000fc580000,0x00000000fc770000)
  to   space 2240K, 0% used [0x00000000fcc50000,0x00000000fcc50000,0x00000000fce80000)
 ParOldGen       total 95424K, used 53353K [0x00000000e8000000, 0x00000000edd30000, 0x00000000fa000000)
  object space 95424K, 55% used [0x00000000e8000000,0x00000000eb41a778,0x00000000edd30000)
 PSPermGen       total 117696K, used 62909K [0x00000000e0000000, 0x00000000e72f0000, 0x00000000e8000000)
  object space 117696K, 53% used [0x00000000e0000000,0x00000000e3d6f5b8,0x00000000e72f0000)
Event: 3672.341 GC heap after
Heap after GC invocations=144 (full 2):
 PSYoungGen      total 44736K, used 352K [0x00000000fa000000, 0x00000000fce20000, 0x0000000100000000)
  eden space 42880K, 0% used [0x00000000fa000000,0x00000000fa000000,0x00000000fc9e0000)
  from space 1856K, 18% used [0x00000000fcc50000,0x00000000fcca8000,0x00000000fce20000)
  to   space 2176K, 0% used [0x00000000fc9e0000,0x00000000fc9e0000,0x00000000fcc00000)
 ParOldGen       total 95424K, used 53513K [0x00000000e8000000, 0x00000000edd30000, 0x00000000fa000000)
  object space 95424K, 56% used [0x00000000e8000000,0x00000000eb442778,0x00000000edd30000)
 PSPermGen       total 117696K, used 62909K [0x00000000e0000000, 0x00000000e72f0000, 0x00000000e8000000)
  object space 117696K, 53% used [0x00000000e0000000,0x00000000e3d6f5b8,0x00000000e72f0000)
}
Event: 3684.523 GC heap before
{Heap before GC invocations=145 (full 2):
 PSYoungGen      total 44736K, used 43232K [0x00000000fa000000, 0x00000000fce20000, 0x0000000100000000)
  eden space 42880K, 100% used [0x00000000fa000000,0x00000000fc9e0000,0x00000000fc9e0000)
  from space 1856K, 18% used [0x00000000fcc50000,0x00000000fcca8000,0x00000000fce20000)
  to   space 2176K, 0% used [0x00000000fc9e0000,0x00000000fc9e0000,0x00000000fcc00000)
 ParOldGen       total 95424K, used 53513K [0x00000000e8000000, 0x00000000edd30000, 0x00000000fa000000)
  object space 95424K, 56% used [0x00000000e8000000,0x00000000eb442778,0x00000000edd30000)
 PSPermGen       total 117696K, used 62992K [0x00000000e0000000, 0x00000000e72f0000, 0x00000000e8000000)
  object space 117696K, 53% used [0x00000000e0000000,0x00000000e3d84308,0x00000000e72f0000)
Event: 3684.526 GC heap after
Heap after GC invocations=145 (full 2):
 PSYoungGen      total 45056K, used 1015K [0x00000000fa000000, 0x00000000fd2a0000, 0x0000000100000000)
  eden space 42880K, 0% used [0x00000000fa000000,0x00000000fa000000,0x00000000fc9e0000)
  from space 2176K, 46% used [0x00000000fc9e0000,0x00000000fcaddc20,0x00000000fcc00000)
  to   space 2112K, 0% used [0x00000000fd090000,0x00000000fd090000,0x00000000fd2a0000)
 ParOldGen       total 95424K, used 53697K [0x00000000e8000000, 0x00000000edd30000, 0x00000000fa000000)
  object space 95424K, 56% used [0x00000000e8000000,0x00000000eb470778,0x00000000edd30000)
 PSPermGen       total 117696K, used 62992K [0x00000000e0000000, 0x00000000e72f0000, 0x00000000e8000000)
  object space 117696K, 53% used [0x00000000e0000000,0x00000000e3d84308,0x00000000e72f0000)
}
Event: 3702.776 GC heap before
{Heap before GC invocations=146 (full 2):
 PSYoungGen      total 45056K, used 43895K [0x00000000fa000000, 0x00000000fd2a0000, 0x0000000100000000)
  eden space 42880K, 100% used [0x00000000fa000000,0x00000000fc9e0000,0x00000000fc9e0000)
  from space 2176K, 46% used [0x00000000fc9e0000,0x00000000fcaddc20,0x00000000fcc00000)
  to   space 2112K, 0% used [0x00000000fd090000,0x00000000fd090000,0x00000000fd2a0000)
 ParOldGen       total 95424K, used 53697K [0x00000000e8000000, 0x00000000edd30000, 0x00000000fa000000)
  object space 95424K, 56% used [0x00000000e8000000,0x00000000eb470778,0x00000000edd30000)
 PSPermGen       total 117696K, used 63001K [0x00000000e0000000, 0x00000000e72f0000, 0x00000000e8000000)
  object space 117696K, 53% used [0x00000000e0000000,0x00000000e3d86520,0x00000000e72f0000)
Event: 3702.778 GC heap after
Heap after GC invocations=146 (full 2):
 PSYoungGen      total 48320K, used 626K [0x00000000fa000000, 0x00000000fd1e0000, 0x0000000100000000)
  eden space 46976K, 0% used [0x00000000fa000000,0x00000000fa000000,0x00000000fcde0000)
  from space 1344K, 46% used [0x00000000fd090000,0x00000000fd12cba0,0x00000000fd1e0000)
  to   space 2048K, 0% used [0x00000000fcde0000,0x00000000fcde0000,0x00000000fcfe0000)
 ParOldGen       total 95424K, used 54252K [0x00000000e8000000, 0x00000000edd30000, 0x00000000fa000000)
  object space 95424K, 56% used [0x00000000e8000000,0x00000000eb4fb2f0,0x00000000edd30000)
 PSPermGen       total 117696K, used 63001K [0x00000000e0000000, 0x00000000e72f0000, 0x00000000e8000000)
  object space 117696K, 53% used [0x00000000e0000000,0x00000000e3d86520,0x00000000e72f0000)
}

Deoptimization events (10 events):
Event: 3692.083 Thread 0x000000006187a800 Uncommon trap -83 fr.pc 0x0000000023ea0928
Event: 3693.285 Thread 0x000000006187a800 Uncommon trap -83 fr.pc 0x0000000023f26598
Event: 3694.583 Thread 0x000000006187a800 Uncommon trap -34 fr.pc 0x0000000023f533b0
Event: 3694.585 Thread 0x000000006187a800 Uncommon trap -83 fr.pc 0x0000000023f41748
Event: 3696.089 Thread 0x0000000062391000 Uncommon trap -34 fr.pc 0x0000000023add194
Event: 3702.182 Thread 0x000000006187a800 Uncommon trap -83 fr.pc 0x0000000023cb1bdc
Event: 3707.524 Thread 0x000000006187a800 Uncommon trap -34 fr.pc 0x0000000023f533b0
Event: 3707.525 Thread 0x000000006187a800 Uncommon trap -34 fr.pc 0x0000000023f533b0
Event: 3707.525 Thread 0x000000006187a800 Uncommon trap -34 fr.pc 0x0000000023f533b0
Event: 3707.525 Thread 0x000000006187a800 Uncommon trap -34 fr.pc 0x0000000023f537a4

Internal exceptions (10 events):
Event: 3684.345 Thread 0x000000006187a800 Threw 0x00000000fc034a00 at C:\jdk7u1_64p\jdk7u11\hotspot\src\share\vm\prims\jvm.cpp:1166
Event: 3684.346 Thread 0x000000006187a800 Threw 0x00000000fc05e798 at C:\jdk7u1_64p\jdk7u11\hotspot\src\share\vm\prims\jvm.cpp:1166
Event: 3684.346 Thread 0x000000006187a800 Threw 0x00000000fc081d30 at C:\jdk7u1_64p\jdk7u11\hotspot\src\share\vm\prims\jvm.cpp:1166
Event: 3684.346 Thread 0x000000006187a800 Threw 0x00000000fc0a8ac8 at C:\jdk7u1_64p\jdk7u11\hotspot\src\share\vm\prims\jvm.cpp:1166
Event: 3684.347 Thread 0x000000006187a800 Threw 0x00000000fc0c6440 at C:\jdk7u1_64p\jdk7u11\hotspot\src\share\vm\prims\jvm.cpp:1166
Event: 3684.348 Thread 0x000000006187a800 Threw 0x00000000fc0e4228 at C:\jdk7u1_64p\jdk7u11\hotspot\src\share\vm\prims\jvm.cpp:1166
Event: 3684.416 Thread 0x000000006187a800 Threw 0x00000000fc50f590 at C:\jdk7u1_64p\jdk7u11\hotspot\src\share\vm\prims\jvm.cpp:1166
Event: 3684.416 Thread 0x000000006187a800 Threw 0x00000000fc52cdd0 at C:\jdk7u1_64p\jdk7u11\hotspot\src\share\vm\prims\jvm.cpp:1166
Event: 3684.516 Thread 0x000000006187a800 Implicit null exception at 0x0000000023fa14bf to 0x0000000023fa1719
Event: 3684.609 Thread 0x000000006187a800 Implicit null exception at 0x0000000023bd1077 to 0x0000000023bd10e6

Events (10 events):
Event: 3707.525 Thread 0x000000006187a800 DEOPT PACKING pc=0x0000000023f537a4 sp=0x0000000093fee6c0
Event: 3707.525 Thread 0x000000006187a800 DEOPT UNPACKING pc=0x0000000023829164 sp=0x0000000093fee658 mode 2
Event: 3707.825 Thread 0x0000000023278000 flushing nmethod 0x0000000023e7f790
Event: 3708.125 Thread 0x0000000023279800 flushing nmethod 0x0000000023f137d0
Event: 3708.125 Thread 0x0000000023279800 flushing nmethod 0x0000000023f1d690
Event: 3708.125 Thread 0x0000000023279800 flushing nmethod 0x0000000023f3d850
Event: 3708.125 Thread 0x0000000023279800 flushing nmethod 0x0000000023f426d0
Event: 3708.125 Thread 0x0000000023279800 flushing nmethod 0x0000000023f63110
Event: 3711.407 loading class 0x0000000062184dc0
Event: 3711.408 loading class 0x0000000062184dc0 done


Dynamic libraries:
0x0000000140000000 - 0x0000000140029000 	C:\Program Files\MATLAB\R2013b\bin\win64\MATLAB.exe
0x00007ffb465d0000 - 0x00007ffb4677a000 	C:\WINDOWS\SYSTEM32\ntdll.dll
0x00007ffb45f60000 - 0x00007ffb4609a000 	C:\WINDOWS\system32\KERNEL32.DLL
0x00007ffb43ab0000 - 0x00007ffb43bbf000 	C:\WINDOWS\system32\KERNELBASE.dll
0x000000006f060000 - 0x000000006f3dc000 	C:\Program Files\MATLAB\R2013b\bin\win64\libmwservices.dll
0x000000006e4d0000 - 0x000000006e57d000 	C:\Program Files\MATLAB\R2013b\bin\win64\mcr.dll
0x000000006ad70000 - 0x000000006aedf000 	C:\Program Files\MATLAB\R2013b\bin\win64\mvm.dll
0x0000000061460000 - 0x00000000614f8000 	C:\Program Files\MATLAB\R2013b\bin\win64\MSVCP100.dll
0x0000000061380000 - 0x0000000061452000 	C:\Program Files\MATLAB\R2013b\bin\win64\MSVCR100.dll
0x000000006fe80000 - 0x000000006ff56000 	C:\Program Files\MATLAB\R2013b\bin\win64\libmwi18n.dll
0x0000000004130000 - 0x00000000041eb000 	C:\Program Files\MATLAB\R2013b\bin\win64\libut.dll
0x000000006f960000 - 0x000000006fb07000 	C:\Program Files\MATLAB\R2013b\bin\win64\libmwfl.dll
0x0000000004330000 - 0x000000000442b000 	C:\Program Files\MATLAB\R2013b\bin\win64\libmx.dll
0x000000006ef00000 - 0x000000006ef4e000 	C:\Program Files\MATLAB\R2013b\bin\win64\libmwregexp.dll
0x000000006eeb0000 - 0x000000006eef7000 	C:\Program Files\MATLAB\R2013b\bin\win64\mpath.dll
0x0000000004430000 - 0x0000000004a58000 	C:\Program Files\MATLAB\R2013b\bin\win64\mlutil.dll
0x0000000004a60000 - 0x0000000004e6f000 	C:\Program Files\MATLAB\R2013b\bin\win64\libmwMATLAB_res.dll
0x000000006e5f0000 - 0x000000006e613000 	C:\Program Files\MATLAB\R2013b\bin\win64\libmwMATLAB_settings_res.dll
0x000000006e580000 - 0x000000006e586000 	C:\Program Files\MATLAB\R2013b\bin\win64\libmwnativedisplay.dll
0x00000000685f0000 - 0x000000006863d000 	C:\Program Files\MATLAB\R2013b\bin\win64\opccore.dll
0x00000000684f0000 - 0x00000000685c6000 	C:\Program Files\MATLAB\R2013b\bin\win64\opcmodel.dll
0x00000000684c0000 - 0x00000000684ed000 	C:\Program Files\MATLAB\R2013b\bin\win64\opczippackage.dll
0x0000000068340000 - 0x00000000683a6000 	C:\Program Files\MATLAB\R2013b\bin\win64\opcmwservices.dll
0x0000000060560000 - 0x000000006056e000 	C:\Program Files\MATLAB\R2013b\bin\win64\boost_date_time-vc100-mt-1_49.dll
0x0000000060530000 - 0x000000006055c000 	C:\Program Files\MATLAB\R2013b\bin\win64\boost_filesystem-vc100-mt-1_49.dll
0x0000000060520000 - 0x0000000060530000 	C:\Program Files\MATLAB\R2013b\bin\win64\boost_iostreams-vc100-mt-1_49.dll
0x00000000604d0000 - 0x0000000060516000 	C:\Program Files\MATLAB\R2013b\bin\win64\boost_serialization-vc100-mt-1_49.dll
0x00000000604c0000 - 0x00000000604c9000 	C:\Program Files\MATLAB\R2013b\bin\win64\boost_system-vc100-mt-1_49.dll
0x00000000604a0000 - 0x00000000604b1000 	C:\Program Files\MATLAB\R2013b\bin\win64\boost_thread-vc100-mt-1_49.dll
0x0000000060410000 - 0x000000006049c000 	C:\Program Files\MATLAB\R2013b\bin\win64\boost_log-vc100-mt-1_49.dll
0x00007ffb454b0000 - 0x00007ffb45555000 	C:\WINDOWS\system32\ADVAPI32.dll
0x00007ffb43da0000 - 0x00007ffb43e41000 	C:\WINDOWS\WinSxS\amd64_microsoft.windows.common-controls_6595b64144ccf1df_5.82.9600.16384_none_34a8918f959016ea\COMCTL32.dll
0x00007ffb462a0000 - 0x00007ffb4633e000 	C:\WINDOWS\system32\COMDLG32.dll
0x00007ffb407c0000 - 0x00007ffb407d5000 	C:\WINDOWS\SYSTEM32\NETAPI32.dll
0x00007ffb43fd0000 - 0x00007ffb44028000 	C:\WINDOWS\system32\WS2_32.dll
0x00007ffb33480000 - 0x00007ffb334b3000 	C:\Program Files\MATLAB\R2013b\bin\win64\tbb.dll
0x00000000601c0000 - 0x0000000060401000 	C:\Program Files\MATLAB\R2013b\bin\win64\xerces-c_2_7.dll
0x00007ffb45bb0000 - 0x00007ffb45d21000 	C:\WINDOWS\system32\USER32.dll
0x00007ffb44030000 - 0x00007ffb4544f000 	C:\WINDOWS\system32\SHELL32.dll
0x00007ffb43e50000 - 0x00007ffb43fc8000 	C:\WINDOWS\system32\ole32.dll
0x00007ffb45ea0000 - 0x00007ffb45f57000 	C:\WINDOWS\system32\OLEAUT32.dll
0x000000006e110000 - 0x000000006e4d0000 	C:\Program Files\MATLAB\R2013b\bin\win64\iqm.dll
0x000000006c710000 - 0x000000006c73f000 	C:\Program Files\MATLAB\R2013b\bin\win64\libmwbridge.dll
0x000000006d760000 - 0x000000006d784000 	C:\Program Files\MATLAB\R2013b\bin\win64\libmex.dll
0x0000000180000000 - 0x00000001800c2000 	C:\Program Files\MATLAB\R2013b\bin\win64\m_dispatcher.dll
0x0000000004e70000 - 0x00000000050d2000 	C:\Program Files\MATLAB\R2013b\bin\win64\mcos.dll
0x000000006c500000 - 0x000000006c651000 	C:\Program Files\MATLAB\R2013b\bin\win64\libmwgui.dll
0x000000006bac0000 - 0x000000006c426000 	C:\Program Files\MATLAB\R2013b\bin\win64\hg.dll
0x000000006b3a0000 - 0x000000006b4b2000 	C:\Program Files\MATLAB\R2013b\bin\win64\hgutils.dll
0x00000000050e0000 - 0x00000000058db000 	C:\Program Files\MATLAB\R2013b\bin\win64\m_interpreter.dll
0x000000006b780000 - 0x000000006b848000 	C:\Program Files\MATLAB\R2013b\bin\win64\jmi.dll
0x000000006b2f0000 - 0x000000006b39e000 	C:\Program Files\MATLAB\R2013b\bin\win64\udd_mi.dll
0x000000006afc0000 - 0x000000006b28f000 	C:\Program Files\MATLAB\R2013b\bin\win64\uiw.dll
0x000000006af50000 - 0x000000006af6d000 	C:\Program Files\MATLAB\R2013b\bin\win64\mwoles05.DLL
0x000000006aee0000 - 0x000000006af4c000 	C:\Program Files\MATLAB\R2013b\bin\win64\comcli.dll
0x0000000000020000 - 0x000000000002c000 	C:\Program Files\MATLAB\R2013b\bin\win64\mlautoregister.dll
0x000000006fe70000 - 0x000000006fe7d000 	C:\Program Files\MATLAB\R2013b\bin\win64\libmwresource_core.dll
0x0000000060190000 - 0x00000000601b5000 	C:\Program Files\MATLAB\R2013b\bin\win64\LIBEXPAT.dll
0x0000000060000000 - 0x000000006018a000 	C:\Program Files\MATLAB\R2013b\bin\win64\icuin49.dll
0x000000005fec0000 - 0x000000005fffe000 	C:\Program Files\MATLAB\R2013b\bin\win64\icuuc49.dll
0x000000005feb0000 - 0x000000005fec0000 	C:\Program Files\MATLAB\R2013b\bin\win64\icuio49.dll
0x00007ffb45b70000 - 0x00007ffb45b77000 	C:\WINDOWS\system32\PSAPI.DLL
0x000000005fdd0000 - 0x000000005feaf000 	C:\Program Files\MATLAB\R2013b\bin\win64\boost_regex-vc100-mt-1_49.dll
0x000000005fdb0000 - 0x000000005fdc1000 	C:\Program Files\MATLAB\R2013b\bin\win64\boost_signals-vc100-mt-1_49.dll
0x00007ffb45e40000 - 0x00007ffb45e55000 	C:\WINDOWS\system32\imagehlp.dll
0x00007ffb438a0000 - 0x00007ffb438e5000 	C:\WINDOWS\SYSTEM32\POWRPROF.dll
0x00007ffb31860000 - 0x00007ffb31888000 	C:\Program Files\MATLAB\R2013b\bin\win64\tbbmalloc.dll
0x000000005fd90000 - 0x000000005fda7000 	C:\Program Files\MATLAB\R2013b\bin\win64\zlib1.dll
0x000000006e870000 - 0x000000006e8e7000 	C:\Program Files\MATLAB\R2013b\bin\win64\xmlcore.dll
0x000000005fd80000 - 0x000000005fd8e000 	C:\Program Files\MATLAB\R2013b\bin\win64\libminizip.dll
0x00007ffb45ac0000 - 0x00007ffb45b67000 	C:\WINDOWS\system32\msvcrt.dll
0x00007ffb45880000 - 0x00007ffb458d7000 	C:\WINDOWS\SYSTEM32\sechost.dll
0x00007ffb46490000 - 0x00007ffb465c7000 	C:\WINDOWS\system32\RPCRT4.dll
0x00007ffb46340000 - 0x00007ffb46484000 	C:\WINDOWS\system32\GDI32.dll
0x00007ffb45de0000 - 0x00007ffb45e31000 	C:\WINDOWS\system32\SHLWAPI.dll
0x00007ffb43370000 - 0x00007ffb4337c000 	C:\WINDOWS\SYSTEM32\netutils.dll
0x00007ffb43510000 - 0x00007ffb43535000 	C:\WINDOWS\SYSTEM32\srvcli.dll
0x00007ffb40780000 - 0x00007ffb40796000 	C:\WINDOWS\SYSTEM32\wkscli.dll
0x00007ffb45b90000 - 0x00007ffb45b99000 	C:\WINDOWS\system32\NSI.dll
0x00007ffb458e0000 - 0x00007ffb45ab6000 	C:\WINDOWS\SYSTEM32\combase.dll
0x00000000058e0000 - 0x0000000005996000 	C:\Program Files\MATLAB\R2013b\bin\win64\udd.dll
0x000000006c4d0000 - 0x000000006c4f8000 	C:\Program Files\MATLAB\R2013b\bin\win64\graphics_util.dll
0x000000006ba60000 - 0x000000006babd000 	C:\Program Files\MATLAB\R2013b\bin\win64\libmat.dll
0x000000006b730000 - 0x000000006b772000 	C:\Program Files\MATLAB\R2013b\bin\win64\libmwhardcopy.dll
0x000000006b6d0000 - 0x000000006b72e000 	C:\Program Files\MATLAB\R2013b\bin\win64\libuij.dll
0x00000000059a0000 - 0x0000000005ba5000 	C:\Program Files\MATLAB\R2013b\bin\win64\hgdatatypes.dll
0x000000006ced0000 - 0x000000006cf4f000 	C:\Program Files\MATLAB\R2013b\bin\win64\libmwlapack.dll
0x000000006b2b0000 - 0x000000006b2e6000 	C:\Program Files\MATLAB\R2013b\bin\win64\libmwgbtutils.dll
0x000000006b290000 - 0x000000006b2a3000 	C:\Program Files\MATLAB\R2013b\bin\win64\libmwgbt.dll
0x000000005f820000 - 0x000000005fd7d000 	C:\Program Files\MATLAB\R2013b\bin\win64\mfc100.dll
0x00007ffb3e100000 - 0x00007ffb3e17b000 	C:\WINDOWS\SYSTEM32\WINSPOOL.DRV
0x000000006d6e0000 - 0x000000006d75b000 	C:\Program Files\MATLAB\R2013b\bin\win64\profiler.dll
0x000000006d450000 - 0x000000006d5c8000 	C:\Program Files\MATLAB\R2013b\bin\win64\libmwmathutil.dll
0x000000006d420000 - 0x000000006d447000 	C:\Program Files\MATLAB\R2013b\bin\win64\libmwmathrng.dll
0x000000006ceb0000 - 0x000000006ced0000 	C:\Program Files\MATLAB\R2013b\bin\win64\m_pcodeio.dll
0x000000006ce50000 - 0x000000006ceac000 	C:\Program Files\MATLAB\R2013b\bin\win64\m_ir.dll
0x0000000005bb0000 - 0x0000000006265000 	C:\Program Files\MATLAB\R2013b\bin\win64\m_parser.dll
0x000000006c740000 - 0x000000006c768000 	C:\Program Files\MATLAB\R2013b\bin\win64\m_pcodegen.dll
0x000000006d2b0000 - 0x000000006d313000 	C:\Program Files\MATLAB\R2013b\bin\win64\libmwspmatrix.dll
0x00007ffb25810000 - 0x00007ffb25998000 	C:\WINDOWS\SYSTEM32\dbghelp.dll
0x0000000004200000 - 0x000000000420e000 	C:\Program Files\MATLAB\R2013b\bin\win64\nativejava_services.dll
0x000000006afb0000 - 0x000000006afb9000 	C:\Program Files\MATLAB\R2013b\bin\win64\uinone.dll
0x000000006af80000 - 0x000000006afac000 	C:\Program Files\MATLAB\R2013b\bin\win64\libmwnativedialogs.dll
0x00007ffb38760000 - 0x00007ffb3877b000 	C:\WINDOWS\SYSTEM32\MPR.dll
0x000000005f7f0000 - 0x000000005f81b000 	C:\Program Files\MATLAB\R2013b\bin\win64\ATL100.DLL
0x000000005e6c0000 - 0x000000005f7e2000 	C:\Program Files\MATLAB\R2013b\bin\win64\icudt49.dll
0x000000005e600000 - 0x000000005e6b8000 	C:\Program Files\MATLAB\R2013b\bin\win64\libtex_base.dll
0x000000006b850000 - 0x000000006ba58000 	C:\Program Files\MATLAB\R2013b\bin\win64\hdf5dll.dll
0x000000006cf60000 - 0x000000006cf75000 	C:\Program Files\MATLAB\R2013b\bin\win64\libmwbinder.dll
0x000000006cf50000 - 0x000000006cf5b000 	C:\Program Files\MATLAB\R2013b\bin\win64\libmwompwrapper.dll
0x00007ffb414f0000 - 0x00007ffb414f7000 	C:\WINDOWS\SYSTEM32\MSIMG32.dll
0x000000006d410000 - 0x000000006d420000 	C:\Program Files\MATLAB\R2013b\bin\win64\libmwmfl_rng.dll
0x0000000006290000 - 0x00000000063a8000 	C:\Program Files\MATLAB\R2013b\bin\win64\libmwmathcore.dll
0x000000006c780000 - 0x000000006c797000 	C:\Program Files\MATLAB\R2013b\bin\win64\ir_xfmr.dll
0x000000006c770000 - 0x000000006c780000 	C:\Program Files\MATLAB\R2013b\bin\win64\mtok.dll
0x000000006af70000 - 0x000000006af7c000 	C:\Program Files\MATLAB\R2013b\bin\win64\libmwplatform_res.dll
0x00007ffb42490000 - 0x00007ffb4252f000 	C:\WINDOWS\SYSTEM32\SHCORE.DLL
0x000000006cfc0000 - 0x000000006d01c000 	C:\Program Files\MATLAB\R2013b\bin\win64\libmwcholmod.dll
0x000000006cfb0000 - 0x000000006cfbc000 	C:\Program Files\MATLAB\R2013b\bin\win64\libmwamd.dll
0x000000006cfa0000 - 0x000000006cfab000 	C:\Program Files\MATLAB\R2013b\bin\win64\libmwcolamd.dll
0x000000006cf80000 - 0x000000006cf93000 	C:\Program Files\MATLAB\R2013b\bin\win64\libmwblas.dll
0x00007ffb45e60000 - 0x00007ffb45e94000 	C:\WINDOWS\system32\IMM32.DLL
0x00007ffb45560000 - 0x00007ffb45699000 	C:\WINDOWS\system32\MSCTF.dll
0x00007ffb43900000 - 0x00007ffb43930000 	C:\WINDOWS\system32\nvinitx.dll
0x00007ffb438f0000 - 0x00007ffb438fa000 	C:\WINDOWS\SYSTEM32\VERSION.dll
0x0000000063c80000 - 0x0000000063c86000 	C:\Program Files\NVIDIA Corporation\CoProcManager\_etoured.dll
0x00007ffb3ec30000 - 0x00007ffb3ec68000 	C:\Program Files\NVIDIA Corporation\CoProcManager\nvd3d9wrapx.dll
0x00007ffb456a0000 - 0x00007ffb45874000 	C:\WINDOWS\system32\SETUPAPI.dll

VM Arguments:
jvm_args: -XX:PermSize=32m -Xms64m -XX:NewRatio=3 -XX:MaxPermSize=128m -Xmx384m -XX:MaxDirectMemorySize=2147400000 -Dsun.java2d.noddraw=true -Dsun.awt.nopixfmt=true -Xshare:off -Xrs -XX:-UseSplitVerifier -Djava.library.path=C:\Program Files\MATLAB\R2013b\bin\win64;C:\Program Files\MATLAB\R2013b\sys\jxbrowser\win64\lib vfprintf abort -Duser.language=ru -Duser.country=RU -XX:ParallelGCThreads=6 
java_command: <unknown>
Launcher Type: generic

Environment Variables:
PATH=C:\Program Files\Microsoft Visual Studio1\Common\Tools;C:\Program Files\Microsoft Visual Studio1\Common\Msdev98\BIN;C:\Program Files\Microsoft Visual Studio1\DF98\BIN;C:\Program Files\Microsoft Visual Studio1\VC98\BIN;C:\ProgramData\Oracle\Java\javapath;C:\Program Files (x86)\Intel\iCLS Client\;C:\Program Files\Intel\iCLS Client\;C:\WINDOWS\system32;C:\WINDOWS;C:\WINDOWS\System32\Wbem;C:\WINDOWS\System32\WindowsPowerShell\v1.0\;C:\Program Files (x86)\Windows Live\Shared;C:\Program Files\Intel\Intel(R) Management Engine Components\DAL;C:\Program Files\Intel\Intel(R) Management Engine Components\IPT;C:\Program Files (x86)\Intel\Intel(R) Management Engine Components\DAL;C:\Program Files (x86)\Intel\Intel(R) Management Engine Components\IPT;C:\Program Files\MATLAB\R2013b\runtime\win64;C:\Program Files\MATLAB\R2013b\bin;C:\Program Files\MATLAB\R2013b\polyspace\bin;C:\Program Files (x86)\MiKTeX 2.9\miktex\bin\;C:\Program Files (x86)\Skype\Phone\;C:\Program Files (x86)\QuickTime\QTSystem\;C:\Program Files (x86)\NVIDIA Corporation\PhysX\Common
USERNAME=User
OS=Windows_NT
PROCESSOR_IDENTIFIER=Intel64 Family 6 Model 60 Stepping 3, GenuineIntel



---------------  S Y S T E M  ---------------

OS: Windows 8 , 64 bit Build 9200 

CPU:total 8 (4 cores per cpu, 2 threads per core) family 6 model 60 stepping 3, cmov, cx8, fxsr, mmx, sse, sse2, sse3, ssse3, sse4.1, sse4.2, popcnt, avx, avx2, ht, tsc, tscinvbit

Memory: 4k page, physical 12463280k(6034388k free), swap 14822576k(6180980k free)

vm_info: Java HotSpot(TM) 64-Bit Server VM (23.6-b04) for windows-amd64 JRE (1.7.0_11-b21), built on Jan 12 2013 02:38:42 by "java_re" with unknown MS VC++:1600

time: Tue Sep 26 22:10:09 2017
elapsed time: 3711 seconds

